-------------------------------------------------------------------------------
Test set: com.example.CalcTest
-------------------------------------------------------------------------------
Tests run: 1, Failures: 1, Errors: 0, Skipped: 0, Time elapsed: 0.045 sec <<< FAILURE! - in com.example.CalcTest
testAdd(com.example.CalcTest)  Time elapsed: 0.008 sec  <<< FAILURE!
java.lang.AssertionError: Not yet implemented
	at org.junit.Assert.fail(Assert.java:91)
	at com.example.CalcTest.testAdd(CalcTest.java:18)

